<?xml version="1.0" encoding="UTF-8"?>
<!-- Generated by org.testng.reporters.JUnitXMLReporter -->
<testsuite ignored="0" hostname="KUSH1107" failures="0" tests="8" name="Default test" time="46.214" errors="0" timestamp="2023-04-25T11:53:37 IST">
  <testcase classname="saurcelab.qa.tests.SauceDemoTest" name="Verify_UserLogin" time="2.914"/>
  <testcase classname="saurcelab.qa.tests.SauceDemoTest" name="VerifySelect_low_to_high" time="7.656"/>
  <testcase classname="saurcelab.qa.tests.SauceDemoTest" name="Verify_Two_Products_AddedToCart" time="2.66"/>
  <testcase classname="saurcelab.qa.tests.SauceDemoTest" name="Verify_Details" time="5.955"/>
  <testcase classname="saurcelab.qa.tests.SauceDemoTest" name="VerifyCheckoutDetails" time="2.841"/>
  <testcase classname="saurcelab.qa.tests.SauceDemoTest" name="VerifyPaymentInfo" time="2.467"/>
  <testcase classname="saurcelab.qa.tests.SauceDemoTest" name="VerifyOrderPlaced" time="7.308"/>
  <testcase classname="saurcelab.qa.tests.SauceDemoTest" name="VerifyLogout" time="5.335"/>
</testsuite> <!-- Default test -->
