<?xml version="1.0" encoding="UTF-8"?>
<!-- Generated by org.testng.reporters.JUnitXMLReporter -->
<testsuite ignored="0" hostname="KUSH1107" failures="0" tests="8" name="SauceDemoTest" time="44.634" errors="0" timestamp="2023-04-25T12:27:00 IST">
  <testcase classname="saurcelab.qa.tests.SauceDemoTest" name="Verify_UserLogin" time="3.08"/>
  <testcase classname="saurcelab.qa.tests.SauceDemoTest" name="VerifySelect_low_to_high" time="7.574"/>
  <testcase classname="saurcelab.qa.tests.SauceDemoTest" name="Verify_Two_Products_AddedToCart" time="2.601"/>
  <testcase classname="saurcelab.qa.tests.SauceDemoTest" name="Verify_Details" time="5.619"/>
  <testcase classname="saurcelab.qa.tests.SauceDemoTest" name="VerifyCheckoutDetails" time="2.646"/>
  <testcase classname="saurcelab.qa.tests.SauceDemoTest" name="VerifyPaymentInfo" time="2.363"/>
  <testcase classname="saurcelab.qa.tests.SauceDemoTest" name="VerifyOrderPlaced" time="7.309"/>
  <testcase classname="saurcelab.qa.tests.SauceDemoTest" name="VerifyLogout" time="5.369"/>
</testsuite> <!-- SauceDemoTest -->
