<?xml version="1.0" encoding="UTF-8"?>
<testng-results ignored="0" total="8" passed="8" failed="0" skipped="0">
  <reporter-output>
  </reporter-output>
  <suite started-at="2023-04-25T12:26:15 IST" name="SauceDemoSuite" finished-at="2023-04-25T12:27:00 IST" duration-ms="44634">
    <groups>
    </groups>
    <test started-at="2023-04-25T12:26:15 IST" name="SauceDemoTest" finished-at="2023-04-25T12:27:00 IST" duration-ms="44634">
      <class name="saurcelab.qa.tests.SauceDemoTest">
        <test-method is-config="true" signature="setup()[pri:0, instance:saurcelab.qa.tests.SauceDemoTest@333d4a8c]" started-at="2023-04-25T12:26:16 IST" name="setup" finished-at="2023-04-25T12:26:21 IST" duration-ms="5655" status="PASS">
          <reporter-output>
          </reporter-output>
        </test-method> <!-- setup -->
        <test-method signature="Verify_UserLogin(java.lang.String,java.lang.String)[pri:1, instance:saurcelab.qa.tests.SauceDemoTest@333d4a8c]" started-at="2023-04-25T12:26:22 IST" name="Verify_UserLogin" data-provider="getUserData" finished-at="2023-04-25T12:26:26 IST" duration-ms="3080" status="PASS">
          <params>
            <param index="0">
              <value>
                <![CDATA[standard_user]]>
              </value>
            </param>
            <param index="1">
              <value>
                <![CDATA[secret_sauce]]>
              </value>
            </param>
          </params>
          <reporter-output>
          </reporter-output>
        </test-method> <!-- Verify_UserLogin -->
        <test-method signature="VerifySelect_low_to_high()[pri:2, instance:saurcelab.qa.tests.SauceDemoTest@333d4a8c]" started-at="2023-04-25T12:26:26 IST" name="VerifySelect_low_to_high" finished-at="2023-04-25T12:26:33 IST" duration-ms="7574" status="PASS">
          <reporter-output>
          </reporter-output>
        </test-method> <!-- VerifySelect_low_to_high -->
        <test-method signature="Verify_Two_Products_AddedToCart()[pri:3, instance:saurcelab.qa.tests.SauceDemoTest@333d4a8c]" started-at="2023-04-25T12:26:33 IST" name="Verify_Two_Products_AddedToCart" finished-at="2023-04-25T12:26:36 IST" duration-ms="2601" status="PASS">
          <reporter-output>
          </reporter-output>
        </test-method> <!-- Verify_Two_Products_AddedToCart -->
        <test-method signature="Verify_Details()[pri:4, instance:saurcelab.qa.tests.SauceDemoTest@333d4a8c]" started-at="2023-04-25T12:26:36 IST" name="Verify_Details" finished-at="2023-04-25T12:26:41 IST" duration-ms="5619" status="PASS">
          <reporter-output>
          </reporter-output>
        </test-method> <!-- Verify_Details -->
        <test-method signature="VerifyCheckoutDetails(java.lang.String,java.lang.String,java.lang.String)[pri:5, instance:saurcelab.qa.tests.SauceDemoTest@333d4a8c]" started-at="2023-04-25T12:26:41 IST" name="VerifyCheckoutDetails" data-provider="getCheckoutDetials" finished-at="2023-04-25T12:26:44 IST" duration-ms="2646" status="PASS">
          <params>
            <param index="0">
              <value>
                <![CDATA[Kushal]]>
              </value>
            </param>
            <param index="1">
              <value>
                <![CDATA[Parikh]]>
              </value>
            </param>
            <param index="2">
              <value>
                <![CDATA[390008.0]]>
              </value>
            </param>
          </params>
          <reporter-output>
          </reporter-output>
        </test-method> <!-- VerifyCheckoutDetails -->
        <test-method signature="VerifyPaymentInfo()[pri:6, instance:saurcelab.qa.tests.SauceDemoTest@333d4a8c]" started-at="2023-04-25T12:26:44 IST" name="VerifyPaymentInfo" finished-at="2023-04-25T12:26:46 IST" duration-ms="2363" status="PASS">
          <reporter-output>
          </reporter-output>
        </test-method> <!-- VerifyPaymentInfo -->
        <test-method signature="VerifyOrderPlaced()[pri:7, instance:saurcelab.qa.tests.SauceDemoTest@333d4a8c]" started-at="2023-04-25T12:26:46 IST" name="VerifyOrderPlaced" finished-at="2023-04-25T12:26:54 IST" duration-ms="7309" status="PASS">
          <reporter-output>
          </reporter-output>
        </test-method> <!-- VerifyOrderPlaced -->
        <test-method signature="VerifyLogout()[pri:8, instance:saurcelab.qa.tests.SauceDemoTest@333d4a8c]" started-at="2023-04-25T12:26:54 IST" name="VerifyLogout" finished-at="2023-04-25T12:26:59 IST" duration-ms="5369" status="PASS">
          <reporter-output>
          </reporter-output>
        </test-method> <!-- VerifyLogout -->
        <test-method is-config="true" signature="teardown()[pri:0, instance:saurcelab.qa.tests.SauceDemoTest@333d4a8c]" started-at="2023-04-25T12:26:59 IST" name="teardown" finished-at="2023-04-25T12:27:00 IST" duration-ms="697" status="PASS">
          <reporter-output>
          </reporter-output>
        </test-method> <!-- teardown -->
      </class> <!-- saurcelab.qa.tests.SauceDemoTest -->
    </test> <!-- SauceDemoTest -->
  </suite> <!-- SauceDemoSuite -->
</testng-results>
